2026-04-03 14:04:14,293 | AGENT | User asked: Are we ready to bid for the Regione Lombardia €2M infrastructure tender, submission deadline May 10th?
2026-04-03 14:04:30,581 | INFO | HTTP Request: POST http://127.0.0.1:11434/api/chat "HTTP/1.1 200 OK"
2026-04-03 14:04:30,582 | AGENT | Orchestrator Answer: {
  "Budget Agent": "Are there sufficient funds and credit availability to cover a potential €2M contract?",
  "Project Pipeline Agent": "Can we allocate resources to an additional project without impacting ongoing work?",
  "Compliance Agent": "Do our current certifications meet the tender requirements?"
}
2026-04-03 14:04:30,582 | AGENT | Budget Agent received: Are there sufficient funds and credit availability to cover a potential €2M contract?
2026-04-03 14:04:49,602 | INFO | HTTP Request: POST http://127.0.0.1:11434/api/chat "HTTP/1.1 200 OK"
2026-04-03 14:04:49,603 | AGENT | Budget Agent answered: The company's current cash position is €520,000, and it has an available credit line of €300,000. The total active projects budget allocation sums up to €1,750,000 (€680,000 + €120,000 + €950,000), with only €265,000 spent so far on these projects. This leaves a balance of €1,485,000 unspent. 

So, the company has sufficient funds and credit availability to cover a potential €2M contract if it can leverage its current cash position, available credit line, and manage its active project budgets effectively without overspending on these projects or taking on additional debt.
2026-04-03 14:04:49,603 | AGENT | Budget Agent coherence received: The company's current cash position is €520,000, and it has an available credit line of €300,000. The total active projects budget allocation sums up to €1,750,000 (€680,000 + €120,000 + €950,000), with only €265,000 spent so far on these projects. This leaves a balance of €1,485,000 unspent. 

So, the company has sufficient funds and credit availability to cover a potential €2M contract if it can leverage its current cash position, available credit line, and manage its active project budgets effectively without overspending on these projects or taking on additional debt.
2026-04-03 14:04:51,654 | INFO | HTTP Request: POST http://127.0.0.1:11434/api/chat "HTTP/1.1 200 OK"
2026-04-03 14:04:51,654 | AGENT | Budget Agent coherence answered: FALSE
2026-04-03 14:04:51,654 | AGENT | Budget Agent received: Are there sufficient funds and credit availability to cover a potential €2M contract?
2026-04-03 14:05:11,394 | INFO | HTTP Request: POST http://127.0.0.1:11434/api/chat "HTTP/1.1 200 OK"
2026-04-03 14:05:11,395 | AGENT | Budget Agent answered: The company's current cash position is €520,000, and it has an available credit line of €300,000. The total active projects budget allocation sums up to €1,750,000 (€680,000 + €120,000 + €950,000), with only €265,000 spent so far on these projects. This leaves a balance of €1,485,000 unspent. 

So, the company has sufficient funds and credit availability to cover a potential €2M contract if it can leverage its current cash position, available credit line, and manage its active project budgets effectively without overspending on these projects or taking on additional debt.
2026-04-03 14:05:11,395 | AGENT | Budget Agent coherence received: The company's current cash position is €520,000, and it has an available credit line of €300,000. The total active projects budget allocation sums up to €1,750,000 (€680,000 + €120,000 + €950,000), with only €265,000 spent so far on these projects. This leaves a balance of €1,485,000 unspent. 

So, the company has sufficient funds and credit availability to cover a potential €2M contract if it can leverage its current cash position, available credit line, and manage its active project budgets effectively without overspending on these projects or taking on additional debt.
2026-04-03 14:05:13,405 | INFO | HTTP Request: POST http://127.0.0.1:11434/api/chat "HTTP/1.1 200 OK"
2026-04-03 14:05:13,406 | AGENT | Budget Agent coherence answered: TRUE
2026-04-03 14:05:13,407 | AGENT | Orchestrator correct received: The company's current cash position is €520,000, and it has an available credit line of €300,000. The total active projects budget allocation sums up to €1,750,000 (€680,000 + €120,000 + €950,000), with only €265,000 spent so far on these projects. This leaves a balance of €1,485,000 unspent. 

So, the company has sufficient funds and credit availability to cover a potential €2M contract if it can leverage its current cash position, available credit line, and manage its active project budgets effectively without overspending on these projects or taking on additional debt.
2026-04-03 14:05:14,827 | INFO | HTTP Request: POST http://127.0.0.1:11434/api/chat "HTTP/1.1 200 OK"
2026-04-03 14:05:14,827 | AGENT | Orchestrator correct answered: TRUE
2026-04-03 14:05:14,828 | AGENT | Project Pipeline Agent received: Can we allocate resources to an additional project without impacting ongoing work?
2026-04-03 14:05:32,148 | INFO | HTTP Request: POST http://127.0.0.1:11434/api/chat "HTTP/1.1 200 OK"
2026-04-03 14:05:32,148 | AGENT | Project Pipeline Agent answered: Based on the information provided, Nexus Engineering S.r.l. currently has a capacity summary indicating that the average allocation of billable staff is at 68%. The company is likely operating near its optimal workload, and any further allocations should be carefully considered to ensure it doesn't impact ongoing projects or lead to overburdening of resources. 

It's important to note that from June onwards, there will be an estimated increase in availability due to the completion of CTR002 and the partial availability of certain staff members from May. This could provide some flexibility for taking on additional work without directly impacting current commitments, but it is essential to review individual resource capacity and project requirements before making any allocations.
2026-04-03 14:05:32,148 | AGENT | Project Pipeline Agent coherence received: Based on the information provided, Nexus Engineering S.r.l. currently has a capacity summary indicating that the average allocation of billable staff is at 68%. The company is likely operating near its optimal workload, and any further allocations should be carefully considered to ensure it doesn't impact ongoing projects or lead to overburdening of resources. 

It's important to note that from June onwards, there will be an estimated increase in availability due to the completion of CTR002 and the partial availability of certain staff members from May. This could provide some flexibility for taking on additional work without directly impacting current commitments, but it is essential to review individual resource capacity and project requirements before making any allocations.
2026-04-03 14:05:34,174 | INFO | HTTP Request: POST http://127.0.0.1:11434/api/chat "HTTP/1.1 200 OK"
2026-04-03 14:05:34,174 | AGENT | Project Pipeline Agent coherence answered: FALSE
2026-04-03 14:05:34,174 | AGENT | Project Pipeline Agent received: Can we allocate resources to an additional project without impacting ongoing work?
2026-04-03 14:05:50,993 | INFO | HTTP Request: POST http://127.0.0.1:11434/api/chat "HTTP/1.1 200 OK"
2026-04-03 14:05:50,993 | AGENT | Project Pipeline Agent answered: Based on the information provided, Nexus Engineering S.r.l. currently has a capacity summary indicating that the average allocation of billable staff is at 68%. The company is likely operating near its optimal workload, and any further allocations should be carefully considered to ensure it doesn't impact ongoing projects or lead to overburdening of resources. 

It's important to note that from June onwards, there will be an estimated increase in availability due to the completion of CTR002 and the partial availability of certain staff members from May. This could provide some flexibility for taking on additional work without directly impacting current commitments, but it is essential to review individual resource capacity and project requirements before making any allocations.
2026-04-03 14:05:50,993 | AGENT | Project Pipeline Agent coherence received: Based on the information provided, Nexus Engineering S.r.l. currently has a capacity summary indicating that the average allocation of billable staff is at 68%. The company is likely operating near its optimal workload, and any further allocations should be carefully considered to ensure it doesn't impact ongoing projects or lead to overburdening of resources. 

It's important to note that from June onwards, there will be an estimated increase in availability due to the completion of CTR002 and the partial availability of certain staff members from May. This could provide some flexibility for taking on additional work without directly impacting current commitments, but it is essential to review individual resource capacity and project requirements before making any allocations.
2026-04-03 14:05:53,046 | INFO | HTTP Request: POST http://127.0.0.1:11434/api/chat "HTTP/1.1 200 OK"
2026-04-03 14:05:53,047 | AGENT | Project Pipeline Agent coherence answered: TRUE
2026-04-03 14:05:53,047 | AGENT | Orchestrator correct received: Based on the information provided, Nexus Engineering S.r.l. currently has a capacity summary indicating that the average allocation of billable staff is at 68%. The company is likely operating near its optimal workload, and any further allocations should be carefully considered to ensure it doesn't impact ongoing projects or lead to overburdening of resources. 

It's important to note that from June onwards, there will be an estimated increase in availability due to the completion of CTR002 and the partial availability of certain staff members from May. This could provide some flexibility for taking on additional work without directly impacting current commitments, but it is essential to review individual resource capacity and project requirements before making any allocations.
2026-04-03 14:05:54,384 | INFO | HTTP Request: POST http://127.0.0.1:11434/api/chat "HTTP/1.1 200 OK"
2026-04-03 14:05:54,385 | AGENT | Orchestrator correct answered: FALSE
2026-04-03 14:05:54,385 | AGENT | Compliance Agent received: Do our current certifications meet the tender requirements?
2026-04-03 14:06:01,301 | INFO | HTTP Request: POST http://127.0.0.1:11434/api/chat "HTTP/1.1 200 OK"
2026-04-03 14:06:01,302 | AGENT | Compliance Agent answered: For an accurate assessment of whether your company's current certifications meet specific tender requirements, I would need detailed information about those requirements. Kindly provide me with the criteria outlined in the tender documents, and I'll be happy to assist you further.
2026-04-03 14:06:01,302 | AGENT | Compliance Agent coherence received: For an accurate assessment of whether your company's current certifications meet specific tender requirements, I would need detailed information about those requirements. Kindly provide me with the criteria outlined in the tender documents, and I'll be happy to assist you further.
2026-04-03 14:06:02,797 | INFO | HTTP Request: POST http://127.0.0.1:11434/api/chat "HTTP/1.1 200 OK"
2026-04-03 14:06:02,798 | AGENT | Compliance Agent coherence answered: FALSE
2026-04-03 14:06:02,798 | AGENT | Compliance Agent received: Do our current certifications meet the tender requirements?
2026-04-03 14:06:44,990 | INFO | HTTP Request: POST http://127.0.0.1:11434/api/chat "HTTP/1.1 200 OK"
2026-04-03 14:06:44,991 | AGENT | Compliance Agent answered: Based on the available data for Nexus Engineering S.r.l., here is a summary of your current certifications:

- ISO 9001:2015 — Quality Management System, issued by Bureau Veritas, valid until November 30th, 2026.
- ISO 14001:2015 — Environmental Management System, issued by DNV GL, valid until March 15th, 2026.
- ISO 45001:2018 — Occupational Health & Safety, issued by Bureau Veritas, valid with renewal in progress; currently valid until August 20th, 2025.
- SOA Attestation for OG3 (Road and airport works) Classifica IV, issued by SOA Costruzioni S.p.A., valid until September 1st, 2026, with a maximum contract value of €2,500,000.
- SOA Attestation for OG10 (Rail and underground systems) Classifica III, issued by SOA Costruzioni S.p.A., valid until September 1st, 2026, with a maximum contract value of €1,500,000.

Without specific tender requirements, I cannot determine if your certifications meet those criteria. However, please note that the ISO 45001 certification is currently in the renewal process and will expire on August 20th, 2025. An audit has been scheduled for June 2025 to facilitate this renewal.
2026-04-03 14:06:44,991 | AGENT | Compliance Agent coherence received: Based on the available data for Nexus Engineering S.r.l., here is a summary of your current certifications:

- ISO 9001:2015 — Quality Management System, issued by Bureau Veritas, valid until November 30th, 2026.
- ISO 14001:2015 — Environmental Management System, issued by DNV GL, valid until March 15th, 2026.
- ISO 45001:2018 — Occupational Health & Safety, issued by Bureau Veritas, valid with renewal in progress; currently valid until August 20th, 2025.
- SOA Attestation for OG3 (Road and airport works) Classifica IV, issued by SOA Costruzioni S.p.A., valid until September 1st, 2026, with a maximum contract value of €2,500,000.
- SOA Attestation for OG10 (Rail and underground systems) Classifica III, issued by SOA Costruzioni S.p.A., valid until September 1st, 2026, with a maximum contract value of €1,500,000.

Without specific tender requirements, I cannot determine if your certifications meet those criteria. However, please note that the ISO 45001 certification is currently in the renewal process and will expire on August 20th, 2025. An audit has been scheduled for June 2025 to facilitate this renewal.
2026-04-03 14:06:47,280 | INFO | HTTP Request: POST http://127.0.0.1:11434/api/chat "HTTP/1.1 200 OK"
2026-04-03 14:06:47,281 | AGENT | Compliance Agent coherence answered: TRUE
2026-04-03 14:06:47,281 | AGENT | Orchestrator correct received: Based on the available data for Nexus Engineering S.r.l., here is a summary of your current certifications:

- ISO 9001:2015 — Quality Management System, issued by Bureau Veritas, valid until November 30th, 2026.
- ISO 14001:2015 — Environmental Management System, issued by DNV GL, valid until March 15th, 2026.
- ISO 45001:2018 — Occupational Health & Safety, issued by Bureau Veritas, valid with renewal in progress; currently valid until August 20th, 2025.
- SOA Attestation for OG3 (Road and airport works) Classifica IV, issued by SOA Costruzioni S.p.A., valid until September 1st, 2026, with a maximum contract value of €2,500,000.
- SOA Attestation for OG10 (Rail and underground systems) Classifica III, issued by SOA Costruzioni S.p.A., valid until September 1st, 2026, with a maximum contract value of €1,500,000.

Without specific tender requirements, I cannot determine if your certifications meet those criteria. However, please note that the ISO 45001 certification is currently in the renewal process and will expire on August 20th, 2025. An audit has been scheduled for June 2025 to facilitate this renewal.
2026-04-03 14:06:49,231 | INFO | HTTP Request: POST http://127.0.0.1:11434/api/chat "HTTP/1.1 200 OK"
2026-04-03 14:06:49,231 | AGENT | Orchestrator correct answered: FALSE
2026-04-03 14:06:51,243 | INFO | missing_keys: []
2026-04-03 14:06:51,244 | INFO | unexpected_keys: []
2026-04-03 14:06:51,244 | INFO | mismatched_keys: []
2026-04-03 14:06:51,244 | INFO | error_msgs: []
2026-04-03 14:06:51,245 | INFO | Model Parameters: 90.5M, Transformer: 82.1M, Coref head: 8.4M
2026-04-03 14:09:05,511 | INFO | missing_keys: []
2026-04-03 14:09:05,511 | INFO | unexpected_keys: []
2026-04-03 14:09:05,511 | INFO | mismatched_keys: []
2026-04-03 14:09:05,511 | INFO | error_msgs: []
2026-04-03 14:09:05,512 | INFO | Model Parameters: 90.5M, Transformer: 82.1M, Coref head: 8.4M
2026-04-03 14:09:59,342 | INFO | missing_keys: []
2026-04-03 14:09:59,342 | INFO | unexpected_keys: []
2026-04-03 14:09:59,342 | INFO | mismatched_keys: []
2026-04-03 14:09:59,342 | INFO | error_msgs: []
2026-04-03 14:09:59,343 | INFO | Model Parameters: 90.5M, Transformer: 82.1M, Coref head: 8.4M
2026-04-03 14:11:19,589 | INFO | missing_keys: []
2026-04-03 14:11:19,589 | INFO | unexpected_keys: []
2026-04-03 14:11:19,589 | INFO | mismatched_keys: []
2026-04-03 14:11:19,589 | INFO | error_msgs: []
2026-04-03 14:11:19,590 | INFO | Model Parameters: 90.5M, Transformer: 82.1M, Coref head: 8.4M
2026-04-03 14:11:41,440 | INFO | missing_keys: []
2026-04-03 14:11:41,440 | INFO | unexpected_keys: []
2026-04-03 14:11:41,440 | INFO | mismatched_keys: []
2026-04-03 14:11:41,440 | INFO | error_msgs: []
2026-04-03 14:11:41,441 | INFO | Model Parameters: 90.5M, Transformer: 82.1M, Coref head: 8.4M
2026-04-03 14:11:41,451 | INFO | Tokenize 1 inputs...
2026-04-03 14:11:41,738 | INFO | ***** Running Inference on 1 texts *****
2026-04-03 14:11:46,338 | INFO | HTTP Request: POST http://127.0.0.1:11434/api/chat "HTTP/1.1 200 OK"
2026-04-03 14:11:46,340 | INFO | Tokenize 1 inputs...
2026-04-03 14:11:46,459 | INFO | ***** Running Inference on 1 texts *****
2026-04-03 14:11:55,392 | INFO | HTTP Request: POST http://127.0.0.1:11434/api/chat "HTTP/1.1 200 OK"
2026-04-03 14:11:55,393 | INFO | Tokenize 1 inputs...
2026-04-03 14:11:55,513 | INFO | ***** Running Inference on 1 texts *****
2026-04-03 14:12:00,074 | INFO | HTTP Request: POST http://127.0.0.1:11434/api/chat "HTTP/1.1 200 OK"
2026-04-03 14:12:00,075 | INFO | Tokenize 1 inputs...
2026-04-03 14:12:00,188 | INFO | ***** Running Inference on 1 texts *****
2026-04-03 14:12:18,917 | INFO | HTTP Request: POST http://127.0.0.1:11434/api/chat "HTTP/1.1 200 OK"
2026-04-03 14:12:18,920 | INFO | Tokenize 1 inputs...
2026-04-03 14:12:19,035 | INFO | ***** Running Inference on 1 texts *****
2026-04-03 14:12:23,218 | INFO | HTTP Request: POST http://127.0.0.1:11434/api/chat "HTTP/1.1 200 OK"
2026-04-03 14:12:23,220 | INFO | Tokenize 1 inputs...
2026-04-03 14:12:23,344 | INFO | ***** Running Inference on 1 texts *****
2026-04-03 14:12:43,756 | INFO | HTTP Request: POST http://127.0.0.1:11434/api/chat "HTTP/1.1 200 OK"
2026-04-03 14:12:43,757 | INFO | Tokenize 1 inputs...
2026-04-03 14:12:43,875 | INFO | ***** Running Inference on 1 texts *****
2026-04-03 14:12:46,846 | INFO | HTTP Request: POST http://127.0.0.1:11434/api/chat "HTTP/1.1 200 OK"
2026-04-03 14:12:46,848 | INFO | Tokenize 1 inputs...
2026-04-03 14:12:46,983 | INFO | ***** Running Inference on 1 texts *****
2026-04-03 14:12:56,580 | INFO | HTTP Request: POST http://127.0.0.1:11434/api/chat "HTTP/1.1 200 OK"
2026-04-03 14:12:56,582 | INFO | Tokenize 1 inputs...
2026-04-03 14:12:56,687 | INFO | ***** Running Inference on 1 texts *****
2026-04-03 14:12:59,193 | INFO | HTTP Request: POST http://127.0.0.1:11434/api/chat "HTTP/1.1 200 OK"
2026-04-03 14:12:59,195 | INFO | Tokenize 1 inputs...
2026-04-03 14:12:59,319 | INFO | ***** Running Inference on 1 texts *****
2026-04-03 14:13:16,300 | INFO | HTTP Request: POST http://127.0.0.1:11434/api/chat "HTTP/1.1 200 OK"
2026-04-03 14:13:16,303 | INFO | Tokenize 1 inputs...
2026-04-03 14:13:16,418 | INFO | ***** Running Inference on 1 texts *****
2026-04-03 14:13:18,312 | INFO | HTTP Request: POST http://127.0.0.1:11434/api/chat "HTTP/1.1 200 OK"
2026-04-03 14:13:18,313 | INFO | Tokenize 1 inputs...
2026-04-03 14:13:18,429 | INFO | ***** Running Inference on 1 texts *****
2026-04-03 14:13:26,451 | INFO | HTTP Request: POST http://127.0.0.1:11434/api/chat "HTTP/1.1 200 OK"
2026-04-03 14:13:26,453 | INFO | Tokenize 1 inputs...
2026-04-03 14:13:26,557 | INFO | ***** Running Inference on 1 texts *****
2026-04-03 14:13:28,323 | INFO | HTTP Request: POST http://127.0.0.1:11434/api/chat "HTTP/1.1 200 OK"
2026-04-03 14:13:28,324 | INFO | Tokenize 1 inputs...
2026-04-03 14:13:28,446 | INFO | ***** Running Inference on 1 texts *****
2026-04-03 14:14:32,835 | INFO | HTTP Request: POST http://127.0.0.1:11434/api/chat "HTTP/1.1 200 OK"
