2026-04-03 16:00:51,683 | AGENT | User asked: Are we ready to bid for the Regione Lombardia €2M infrastructure tender, submission deadline May 10th?
2026-04-03 16:00:58,256 | INFO | HTTP Request: POST http://127.0.0.1:11434/api/chat "HTTP/1.1 200 OK"
2026-04-03 16:00:58,257 | AGENT | Orchestrator Answer: {
  "Budget Agent": "Do we have sufficient cash and credit position to cover a potential €2M contract?",
  "Compliance Agent": "Are all our mandatory certifications up-to-date?",
  "HR Agent": "How many full-time equivalents (FTE) are available for new projects in Q2 2025?",
  "Project Pipeline Agent": "What is the estimated workload and risk level of our current project portfolio?"
}
2026-04-03 16:00:58,257 | AGENT | Budget Agent received: Do we have sufficient cash and credit position to cover a potential €2M contract?
2026-04-03 16:00:59,368 | INFO | HTTP Request: POST http://127.0.0.1:11434/api/chat "HTTP/1.1 200 OK"
2026-04-03 16:00:59,368 | AGENT | Budget Agent answered: No. Your current cash position is €520,000, while the available credit line is €300,000, for a combined liquidity of €820,000. This amount falls short of the required budget for this potential project.
2026-04-03 16:00:59,368 | AGENT | Budget Agent coherence received: No. Your current cash position is €520,000, while the available credit line is €300,000, for a combined liquidity of €820,000. This amount falls short of the required budget for this potential project.
2026-04-03 16:00:59,666 | INFO | HTTP Request: POST http://127.0.0.1:11434/api/chat "HTTP/1.1 200 OK"
2026-04-03 16:00:59,667 | AGENT | Budget Agent coherence answered: FALSE
2026-04-03 16:00:59,667 | AGENT | Budget Agent received: Do we have sufficient cash and credit position to cover a potential €2M contract?
2026-04-03 16:01:00,812 | INFO | HTTP Request: POST http://127.0.0.1:11434/api/chat "HTTP/1.1 200 OK"
2026-04-03 16:01:00,812 | AGENT | Budget Agent answered: No. Your current cash position is €520,000, while the available credit line is €300,000, for a combined liquidity of €820,000. This amount falls short of the required budget for this potential project.
2026-04-03 16:01:00,812 | AGENT | Budget Agent coherence received: No. Your current cash position is €520,000, while the available credit line is €300,000, for a combined liquidity of €820,000. This amount falls short of the required budget for this potential project.
2026-04-03 16:01:01,107 | INFO | HTTP Request: POST http://127.0.0.1:11434/api/chat "HTTP/1.1 200 OK"
2026-04-03 16:01:01,107 | AGENT | Budget Agent coherence answered: FALSE
2026-04-03 16:01:01,108 | AGENT | Budget Agent received: Do we have sufficient cash and credit position to cover a potential €2M contract?
2026-04-03 16:01:02,299 | INFO | HTTP Request: POST http://127.0.0.1:11434/api/chat "HTTP/1.1 200 OK"
2026-04-03 16:01:02,299 | AGENT | Budget Agent answered: No. Your current cash position is €520,000, while the available credit line is €300,000, for a combined liquidity of €820,000. This amount falls short of the required budget for this potential project.
2026-04-03 16:01:02,299 | AGENT | Budget Agent coherence received: No. Your current cash position is €520,000, while the available credit line is €300,000, for a combined liquidity of €820,000. This amount falls short of the required budget for this potential project.
2026-04-03 16:01:02,587 | INFO | HTTP Request: POST http://127.0.0.1:11434/api/chat "HTTP/1.1 200 OK"
2026-04-03 16:01:02,588 | AGENT | Budget Agent coherence answered: FALSE
2026-04-03 16:01:02,588 | AGENT | Budget Agent received: Do we have sufficient cash and credit position to cover a potential €2M contract?
2026-04-03 16:01:03,798 | INFO | HTTP Request: POST http://127.0.0.1:11434/api/chat "HTTP/1.1 200 OK"
2026-04-03 16:01:03,799 | AGENT | Budget Agent answered: No. Your current cash position is €520,000, while the available credit line is €300,000, for a combined liquidity of €820,000. This amount falls short of the required budget for this potential project.
2026-04-03 16:01:03,799 | AGENT | Budget Agent coherence received: No. Your current cash position is €520,000, while the available credit line is €300,000, for a combined liquidity of €820,000. This amount falls short of the required budget for this potential project.
2026-04-03 16:01:04,076 | INFO | HTTP Request: POST http://127.0.0.1:11434/api/chat "HTTP/1.1 200 OK"
2026-04-03 16:01:04,077 | AGENT | Budget Agent coherence answered: FALSE
2026-04-03 16:01:04,077 | AGENT | Budget Agent received: Do we have sufficient cash and credit position to cover a potential €2M contract?
2026-04-03 16:01:05,314 | INFO | HTTP Request: POST http://127.0.0.1:11434/api/chat "HTTP/1.1 200 OK"
2026-04-03 16:01:05,315 | AGENT | Budget Agent answered: No. Your current cash position is €520,000, while the available credit line is €300,000, for a combined liquidity of €820,000. This amount falls short of the required budget for this potential project.
2026-04-03 16:01:05,315 | AGENT | Budget Agent coherence received: No. Your current cash position is €520,000, while the available credit line is €300,000, for a combined liquidity of €820,000. This amount falls short of the required budget for this potential project.
2026-04-03 16:01:05,603 | INFO | HTTP Request: POST http://127.0.0.1:11434/api/chat "HTTP/1.1 200 OK"
2026-04-03 16:01:05,604 | AGENT | Budget Agent coherence answered: FALSE
2026-04-03 16:01:05,604 | AGENT | Orchestrator correct received: No. Your current cash position is €520,000, while the available credit line is €300,000, for a combined liquidity of €820,000. This amount falls short of the required budget for this potential project.
2026-04-03 16:01:05,832 | INFO | HTTP Request: POST http://127.0.0.1:11434/api/chat "HTTP/1.1 200 OK"
2026-04-03 16:01:05,833 | AGENT | Orchestrator correct answered: FALSE
2026-04-03 16:01:05,833 | AGENT | Compliance Agent received: Are all our mandatory certifications up-to-date?
2026-04-03 16:01:06,490 | INFO | HTTP Request: POST http://127.0.0.1:11434/api/chat "HTTP/1.1 200 OK"
2026-04-03 16:01:06,490 | AGENT | Compliance Agent answered: Yes, as of April 1st 2025.
2026-04-03 16:01:06,490 | AGENT | Compliance Agent coherence received: Yes, as of April 1st 2025.
2026-04-03 16:01:06,733 | INFO | HTTP Request: POST http://127.0.0.1:11434/api/chat "HTTP/1.1 200 OK"
2026-04-03 16:01:06,733 | AGENT | Compliance Agent coherence answered: TRUE
2026-04-03 16:01:06,733 | AGENT | Orchestrator correct received: Yes, as of April 1st 2025.
2026-04-03 16:01:06,949 | INFO | HTTP Request: POST http://127.0.0.1:11434/api/chat "HTTP/1.1 200 OK"
2026-04-03 16:01:06,949 | AGENT | Orchestrator correct answered: FALSE
2026-04-03 16:01:06,949 | AGENT | HR Agent received: How many full-time equivalents (FTE) are available for new projects in Q2 2025?
2026-04-03 16:01:07,734 | INFO | HTTP Request: POST http://127.0.0.1:11434/api/chat "HTTP/1.1 200 OK"
2026-04-03 16:01:07,735 | AGENT | HR Agent answered: There are a total of two FTEs available for new projects in Q2 2025.
2026-04-03 16:01:07,735 | AGENT | HR Agent coherence received: There are a total of two FTEs available for new projects in Q2 2025.
2026-04-03 16:01:07,971 | INFO | HTTP Request: POST http://127.0.0.1:11434/api/chat "HTTP/1.1 200 OK"
2026-04-03 16:01:07,972 | AGENT | HR Agent coherence answered: FALSE
2026-04-03 16:01:07,972 | AGENT | HR Agent received: How many full-time equivalents (FTE) are available for new projects in Q2 2025?
2026-04-03 16:01:08,791 | INFO | HTTP Request: POST http://127.0.0.1:11434/api/chat "HTTP/1.1 200 OK"
2026-04-03 16:01:08,791 | AGENT | HR Agent answered: There are a total of two FTEs available for new projects in Q2 2025.
2026-04-03 16:01:08,791 | AGENT | HR Agent coherence received: There are a total of two FTEs available for new projects in Q2 2025.
2026-04-03 16:01:09,015 | INFO | HTTP Request: POST http://127.0.0.1:11434/api/chat "HTTP/1.1 200 OK"
2026-04-03 16:01:09,016 | AGENT | HR Agent coherence answered: FALSE
2026-04-03 16:01:09,016 | AGENT | HR Agent received: How many full-time equivalents (FTE) are available for new projects in Q2 2025?
2026-04-03 16:01:09,842 | INFO | HTTP Request: POST http://127.0.0.1:11434/api/chat "HTTP/1.1 200 OK"
2026-04-03 16:01:09,843 | AGENT | HR Agent answered: There are a total of two FTEs available for new projects in Q2 2025.
2026-04-03 16:01:09,843 | AGENT | HR Agent coherence received: There are a total of two FTEs available for new projects in Q2 2025.
2026-04-03 16:01:10,065 | INFO | HTTP Request: POST http://127.0.0.1:11434/api/chat "HTTP/1.1 200 OK"
2026-04-03 16:01:10,065 | AGENT | HR Agent coherence answered: FALSE
2026-04-03 16:01:10,066 | AGENT | HR Agent received: How many full-time equivalents (FTE) are available for new projects in Q2 2025?
2026-04-03 16:01:10,903 | INFO | HTTP Request: POST http://127.0.0.1:11434/api/chat "HTTP/1.1 200 OK"
2026-04-03 16:01:10,904 | AGENT | HR Agent answered: There are a total of two FTEs available for new projects in Q2 2025.
2026-04-03 16:01:10,904 | AGENT | HR Agent coherence received: There are a total of two FTEs available for new projects in Q2 2025.
2026-04-03 16:01:11,150 | INFO | HTTP Request: POST http://127.0.0.1:11434/api/chat "HTTP/1.1 200 OK"
2026-04-03 16:01:11,151 | AGENT | HR Agent coherence answered: FALSE
2026-04-03 16:01:11,151 | AGENT | HR Agent received: How many full-time equivalents (FTE) are available for new projects in Q2 2025?
2026-04-03 16:01:12,015 | INFO | HTTP Request: POST http://127.0.0.1:11434/api/chat "HTTP/1.1 200 OK"
2026-04-03 16:01:12,016 | AGENT | HR Agent answered: There are a total of two FTEs available for new projects in Q2 2025.
2026-04-03 16:01:12,016 | AGENT | HR Agent coherence received: There are a total of two FTEs available for new projects in Q2 2025.
2026-04-03 16:01:12,251 | INFO | HTTP Request: POST http://127.0.0.1:11434/api/chat "HTTP/1.1 200 OK"
2026-04-03 16:01:12,251 | AGENT | HR Agent coherence answered: TRUE
2026-04-03 16:01:12,251 | AGENT | Orchestrator correct received: There are a total of two FTEs available for new projects in Q2 2025.
2026-04-03 16:01:12,481 | INFO | HTTP Request: POST http://127.0.0.1:11434/api/chat "HTTP/1.1 200 OK"
2026-04-03 16:01:12,481 | AGENT | Orchestrator correct answered: TRUE
2026-04-03 16:01:12,481 | AGENT | Project Pipeline Agent received: What is the estimated workload and risk level of our current project portfolio?
2026-04-03 16:01:13,965 | INFO | HTTP Request: POST http://127.0.0.1:11434/api/chat "HTTP/1.1 200 OK"
2026-04-03 16:01:13,965 | AGENT | Project Pipeline Agent answered: The total completion percentage of ongoing projects in Nexus Engineering S.r.l.'s current portfolio is approximately 38%. This indicates a moderate progress towards delivering these projects. 

Regarding risk levels, two out of three projects are assessed as having low risk ('CTR001' and 'CTR002'), while one project has been evaluated as medium-risk ('CTR003').
2026-04-03 16:01:13,966 | AGENT | Project Pipeline Agent coherence received: The total completion percentage of ongoing projects in Nexus Engineering S.r.l.'s current portfolio is approximately 38%. This indicates a moderate progress towards delivering these projects. 

Regarding risk levels, two out of three projects are assessed as having low risk ('CTR001' and 'CTR002'), while one project has been evaluated as medium-risk ('CTR003').
2026-04-03 16:01:14,248 | INFO | HTTP Request: POST http://127.0.0.1:11434/api/chat "HTTP/1.1 200 OK"
2026-04-03 16:01:14,249 | AGENT | Project Pipeline Agent coherence answered: FALSE
2026-04-03 16:01:14,249 | AGENT | Project Pipeline Agent received: What is the estimated workload and risk level of our current project portfolio?
2026-04-03 16:01:15,809 | INFO | HTTP Request: POST http://127.0.0.1:11434/api/chat "HTTP/1.1 200 OK"
2026-04-03 16:01:15,810 | AGENT | Project Pipeline Agent answered: The total completion percentage of ongoing projects in Nexus Engineering S.r.l.'s current portfolio is approximately 38%. This indicates a moderate progress towards delivering these projects. 

Regarding risk levels, two out of three projects are assessed as having low risk ('CTR001' and 'CTR002'), while one project has been evaluated as medium-risk ('CTR003').
2026-04-03 16:01:15,810 | AGENT | Project Pipeline Agent coherence received: The total completion percentage of ongoing projects in Nexus Engineering S.r.l.'s current portfolio is approximately 38%. This indicates a moderate progress towards delivering these projects. 

Regarding risk levels, two out of three projects are assessed as having low risk ('CTR001' and 'CTR002'), while one project has been evaluated as medium-risk ('CTR003').
2026-04-03 16:01:16,093 | INFO | HTTP Request: POST http://127.0.0.1:11434/api/chat "HTTP/1.1 200 OK"
2026-04-03 16:01:16,093 | AGENT | Project Pipeline Agent coherence answered: FALSE
2026-04-03 16:01:16,093 | AGENT | Project Pipeline Agent received: What is the estimated workload and risk level of our current project portfolio?
2026-04-03 16:01:17,664 | INFO | HTTP Request: POST http://127.0.0.1:11434/api/chat "HTTP/1.1 200 OK"
2026-04-03 16:01:17,664 | AGENT | Project Pipeline Agent answered: The total completion percentage of ongoing projects in Nexus Engineering S.r.l.'s current portfolio is approximately 38%. This indicates a moderate progress towards delivering these projects. 

Regarding risk levels, two out of three projects are assessed as having low risk ('CTR001' and 'CTR002'), while one project has been evaluated as medium-risk ('CTR003').
2026-04-03 16:01:17,664 | AGENT | Project Pipeline Agent coherence received: The total completion percentage of ongoing projects in Nexus Engineering S.r.l.'s current portfolio is approximately 38%. This indicates a moderate progress towards delivering these projects. 

Regarding risk levels, two out of three projects are assessed as having low risk ('CTR001' and 'CTR002'), while one project has been evaluated as medium-risk ('CTR003').
2026-04-03 16:01:17,958 | INFO | HTTP Request: POST http://127.0.0.1:11434/api/chat "HTTP/1.1 200 OK"
2026-04-03 16:01:17,958 | AGENT | Project Pipeline Agent coherence answered: TRUE
2026-04-03 16:01:17,958 | AGENT | Orchestrator correct received: The total completion percentage of ongoing projects in Nexus Engineering S.r.l.'s current portfolio is approximately 38%. This indicates a moderate progress towards delivering these projects. 

Regarding risk levels, two out of three projects are assessed as having low risk ('CTR001' and 'CTR002'), while one project has been evaluated as medium-risk ('CTR003').
2026-04-03 16:01:18,189 | INFO | HTTP Request: POST http://127.0.0.1:11434/api/chat "HTTP/1.1 200 OK"
2026-04-03 16:01:18,189 | AGENT | Orchestrator correct answered: TRUE
2026-04-03 16:02:07,246 | INFO | missing_keys: []
2026-04-03 16:02:07,246 | INFO | unexpected_keys: []
2026-04-03 16:02:07,246 | INFO | mismatched_keys: []
2026-04-03 16:02:07,246 | INFO | error_msgs: []
2026-04-03 16:02:07,246 | INFO | Model Parameters: 90.5M, Transformer: 82.1M, Coref head: 8.4M
2026-04-03 16:02:07,332 | INFO | Tokenize 1 inputs...
2026-04-03 16:02:07,436 | INFO | ***** Running Inference on 1 texts *****
2026-04-03 16:02:08,268 | INFO | Tokenize 1 inputs...
2026-04-03 16:02:08,330 | INFO | ***** Running Inference on 1 texts *****
2026-04-03 16:02:09,012 | INFO | Tokenize 1 inputs...
2026-04-03 16:02:09,077 | INFO | ***** Running Inference on 1 texts *****
2026-04-03 16:02:09,436 | INFO | Tokenize 1 inputs...
2026-04-03 16:02:09,493 | INFO | ***** Running Inference on 1 texts *****
2026-04-03 16:02:10,360 | INFO | Tokenize 1 inputs...
2026-04-03 16:02:10,422 | INFO | ***** Running Inference on 1 texts *****
2026-04-03 16:02:10,784 | INFO | Tokenize 1 inputs...
2026-04-03 16:02:10,841 | INFO | ***** Running Inference on 1 texts *****
2026-04-03 16:02:11,678 | INFO | Tokenize 1 inputs...
2026-04-03 16:02:11,750 | INFO | ***** Running Inference on 1 texts *****
2026-04-03 16:02:12,168 | INFO | Tokenize 1 inputs...
2026-04-03 16:02:12,237 | INFO | ***** Running Inference on 1 texts *****
2026-04-03 16:02:13,140 | INFO | Tokenize 1 inputs...
2026-04-03 16:02:13,205 | INFO | ***** Running Inference on 1 texts *****
2026-04-03 16:02:13,605 | INFO | Tokenize 1 inputs...
2026-04-03 16:02:13,672 | INFO | ***** Running Inference on 1 texts *****
2026-04-03 16:02:14,555 | INFO | Tokenize 1 inputs...
2026-04-03 16:02:14,620 | INFO | ***** Running Inference on 1 texts *****
2026-04-03 16:02:14,999 | INFO | Tokenize 1 inputs...
2026-04-03 16:02:15,065 | INFO | ***** Running Inference on 1 texts *****
2026-04-03 16:02:15,898 | INFO | Tokenize 1 inputs...
2026-04-03 16:02:15,956 | INFO | ***** Running Inference on 1 texts *****
2026-04-03 16:02:16,349 | INFO | Tokenize 1 inputs...
2026-04-03 16:02:16,409 | INFO | ***** Running Inference on 1 texts *****
2026-04-03 16:02:16,878 | INFO | Tokenize 1 inputs...
2026-04-03 16:02:16,942 | INFO | ***** Running Inference on 1 texts *****
2026-04-03 16:02:17,429 | INFO | Tokenize 1 inputs...
2026-04-03 16:02:17,489 | INFO | ***** Running Inference on 1 texts *****
2026-04-03 16:02:18,048 | INFO | Tokenize 1 inputs...
2026-04-03 16:02:18,104 | INFO | ***** Running Inference on 1 texts *****
2026-04-03 16:02:18,584 | INFO | Tokenize 1 inputs...
2026-04-03 16:02:18,641 | INFO | ***** Running Inference on 1 texts *****
2026-04-03 16:02:19,217 | INFO | Tokenize 1 inputs...
2026-04-03 16:02:19,274 | INFO | ***** Running Inference on 1 texts *****
2026-04-03 16:02:19,761 | INFO | Tokenize 1 inputs...
2026-04-03 16:02:19,821 | INFO | ***** Running Inference on 1 texts *****
2026-04-03 16:02:20,415 | INFO | Tokenize 1 inputs...
2026-04-03 16:02:20,477 | INFO | ***** Running Inference on 1 texts *****
2026-04-03 16:02:20,963 | INFO | Tokenize 1 inputs...
2026-04-03 16:02:21,023 | INFO | ***** Running Inference on 1 texts *****
2026-04-03 16:02:21,585 | INFO | Tokenize 1 inputs...
2026-04-03 16:02:21,646 | INFO | ***** Running Inference on 1 texts *****
2026-04-03 16:02:22,125 | INFO | Tokenize 1 inputs...
2026-04-03 16:02:22,183 | INFO | ***** Running Inference on 1 texts *****
2026-04-03 16:02:22,724 | INFO | Tokenize 1 inputs...
2026-04-03 16:02:22,781 | INFO | ***** Running Inference on 1 texts *****
2026-04-03 16:02:23,144 | INFO | Tokenize 1 inputs...
2026-04-03 16:02:23,203 | INFO | ***** Running Inference on 1 texts *****
2026-04-03 16:02:23,684 | INFO | Tokenize 1 inputs...
2026-04-03 16:02:23,743 | INFO | ***** Running Inference on 1 texts *****
2026-04-03 16:02:24,111 | INFO | Tokenize 1 inputs...
2026-04-03 16:02:24,174 | INFO | ***** Running Inference on 1 texts *****
2026-04-03 16:02:24,686 | INFO | Tokenize 1 inputs...
2026-04-03 16:02:24,746 | INFO | ***** Running Inference on 1 texts *****
2026-04-03 16:02:25,162 | INFO | Tokenize 1 inputs...
2026-04-03 16:02:25,220 | INFO | ***** Running Inference on 1 texts *****
